d:\study\code\leetcode\leetcode\debug\vc142.pdb
d:\study\code\leetcode\leetcode\debug\vc142.idb
d:\study\code\leetcode\leetcode\debug\求众数2.obj
d:\study\code\leetcode\leetcode\debug\求众数.obj
d:\study\code\leetcode\leetcode\debug\两数相加.obj
d:\study\code\leetcode\leetcode\debug\两数之和.obj
d:\study\code\leetcode\leetcode\debug\main.obj
d:\study\code\leetcode\leetcode\debug\整数反转.obj
d:\study\code\leetcode\leetcode\debug\无重复的最长字串.obj
d:\study\code\leetcode\leetcode\debug\两个数组的中位数.obj
d:\study\code\leetcode\leetcode\debug\palindrome number.obj
d:\study\code\leetcode\leetcode\debug\longest palindromic substring.obj
d:\study\code\leetcode\leetcode\debug\string to integer (atoi).obj
d:\study\code\leetcode\leetcode\debug\94. 二叉树的中序遍历.obj
d:\study\code\leetcode\leetcode\debug\91.解码方法.obj
d:\study\code\leetcode\leetcode\debug\70.爬楼梯.obj
d:\study\code\leetcode\leetcode\debug\64.最小路径和.obj
d:\study\code\leetcode\leetcode\debug\63.不同路径ii.obj
d:\study\code\leetcode\leetcode\debug\62.不同路径.obj
d:\study\code\leetcode\leetcode\debug\53.最大子序和.obj
d:\study\code\leetcode\leetcode\debug\38.报数.obj
d:\study\code\leetcode\leetcode\debug\28. 实现 strstr().obj
d:\study\code\leetcode\leetcode\debug\27. 移除元素.obj
d:\study\code\leetcode\leetcode\debug\26. 删除排序数组中的重复项.obj
d:\study\code\leetcode\leetcode\debug\20.有效的括号.obj
d:\study\code\leetcode\leetcode\debug\19.删除链表的倒数第n个节点.obj
d:\study\code\leetcode\leetcode\debug\18.四数之和.obj
d:\study\code\leetcode\leetcode\debug\16.最接近的三数之和.obj
d:\study\code\leetcode\leetcode\debug\15.三数之和.obj
d:\study\code\leetcode\leetcode\debug\144. 二叉树的前序遍历.obj
d:\study\code\leetcode\leetcode\debug\130. 被围绕的区域.obj
d:\study\code\leetcode\leetcode\debug\11.盛水最多的容器.obj
d:\study\code\leetcode\leetcode\debug\合并两个有序链表.obj
d:\study\code\leetcode\leetcode\debug\合并两个有序数组.obj
d:\study\code\leetcode\leetcode\debug\145.二叉树的后序遍历.obj
d:\study\code\leetcode\leetcode\debug\96.不同的二叉搜索树.obj
d:\study\code\leetcode\leetcode\debug\139.单词拆分.obj
d:\study\code\leetcode\leetcode\debug\120. 三角形最小路径和.obj
d:\study\code\leetcode\leetcode\debug\213. 打家劫舍 ii.obj
d:\study\code\leetcode\leetcode\debug\198.打家劫舍.obj
d:\study\code\leetcode\leetcode\debug\152.乘积最大子序列.obj
d:\study\code\leetcode\leetcode\debug\264.丑数ii.obj
d:\study\code\leetcode\leetcode\debug\221.最大正方形.obj
d:\study\code\leetcode\leetcode\debug\279.完全平方数.obj
d:\study\code\leetcode\leetcode\debug\71. 简化路径.obj
d:\study\code\leetcode\leetcode\debug\309. 最佳买卖股票时机含冷冻期.obj
d:\study\code\leetcode\leetcode\debug\304. 二维区域和检索 - 矩阵不可变.obj
d:\study\code\leetcode\leetcode\debug\303. 区域和检索 - 数组不可变.obj
d:\study\code\leetcode\leetcode\debug\300. 最长上升子序列.obj
d:\study\code\leetcode\leetcode\debug\94. 二叉树的中序遍历(stack).obj
d:\study\code\leetcode\leetcode\debug\173. 二叉搜索树迭代器.obj
d:\study\code\leetcode\leetcode\debug\155.最小栈.obj
d:\study\code\leetcode\leetcode\debug\150. 逆波兰表达式求值.obj
d:\study\code\leetcode\leetcode\debug\145. 二叉树的后序遍历.obj
d:\study\code\leetcode\leetcode\debug\144.二叉树的前序遍历(stack).obj
d:\study\code\leetcode\leetcode\debug\103. 二叉树的锯齿形层次遍历.obj
d:\study\code\leetcode\leetcode\debug\331. 验证二叉树的前序序列化.obj
d:\study\code\leetcode\leetcode\debug\232. 用栈实现队列.obj
d:\study\code\leetcode\leetcode\debug\225.用队列实现栈.obj
d:\study\code\leetcode\leetcode\debug\402. 移掉k位数字.obj
d:\study\code\leetcode\leetcode\debug\394. 字符串解码.obj
d:\study\code\leetcode\leetcode\debug\739. 每日温度.obj
d:\study\code\leetcode\leetcode\debug\682. 棒球比赛.obj
d:\study\code\leetcode\leetcode\debug\503. 下一个更大元素 ii.obj
d:\study\code\leetcode\leetcode\debug\456.132模式.obj
d:\study\code\leetcode\leetcode\debug\735. 行星碰撞.obj
d:\study\code\leetcode\leetcode\debug\880. 索引处的解码字符串.obj
d:\study\code\leetcode\leetcode\debug\946. 验证栈序列.obj
d:\study\code\leetcode\leetcode\debug\907. 子数组的最小值之和.obj
d:\study\code\leetcode\leetcode\debug\1124. 表现良好的最长时间段.obj
d:\study\code\leetcode\leetcode\debug\1019. 链表中的下一个更大节点.obj
d:\study\code\leetcode\leetcode\debug\1003. 检查替换后的词是否有效.obj
d:\study\code\leetcode\leetcode\debug\962.最大宽度坡.obj
d:\study\code\leetcode\debug\leetcode.exe
d:\study\code\leetcode\debug\leetcode.ilk
d:\study\code\leetcode\debug\leetcode.pdb
d:\study\code\leetcode\leetcode\debug\402. 移掉k位数字.obj.enc
d:\study\code\leetcode\leetcode\debug\main.obj.enc
d:\study\code\leetcode\leetcode\debug\string to integer (atoi).obj.enc
d:\study\code\leetcode\leetcode\debug\leetcode.tlog\cl.command.1.tlog
d:\study\code\leetcode\leetcode\debug\leetcode.tlog\cl.read.1.tlog
d:\study\code\leetcode\leetcode\debug\leetcode.tlog\cl.write.1.tlog
d:\study\code\leetcode\leetcode\debug\leetcode.tlog\link.command.1.tlog
d:\study\code\leetcode\leetcode\debug\leetcode.tlog\link.read.1.tlog
d:\study\code\leetcode\leetcode\debug\leetcode.tlog\link.write.1.tlog
