  1003. 检查替换后的词是否有效.cpp
  1019. 链表中的下一个更大节点.cpp
  103. 二叉树的锯齿形层次遍历.cpp
  11.盛水最多的容器.cpp
  1124. 表现良好的最长时间段.cpp
  120. 三角形最小路径和.cpp
  1209. 删除字符串中的所有相邻重复项 II.cpp
D:\study\Code\LeetCode\LeetCode\1209. 删除字符串中的所有相邻重复项 II.cpp(20,20): warning C4018:  “<”: 有符号/无符号不匹配
  130. 被围绕的区域.cpp
  139.单词拆分.cpp
  144.二叉树的前序遍历(stack).cpp
  145. 二叉树的后序遍历.cpp
  15.三数之和.cpp
D:\study\Code\LeetCode\LeetCode\1209. 删除字符串中的所有相邻重复项 II.cpp(23,2): error C2059:  语法错误:“}”
D:\study\Code\LeetCode\LeetCode\15.三数之和.cpp(20,21): warning C4018:  “<”: 有符号/无符号不匹配
  150. 逆波兰表达式求值.cpp
  152.乘积最大子序列.cpp
  155.最小栈.cpp
  16.最接近的三数之和.cpp
D:\study\Code\LeetCode\LeetCode\15.三数之和.cpp(55,32): warning C4018:  “<”: 有符号/无符号不匹配
  173. 二叉搜索树迭代器.cpp
  18.四数之和.cpp
D:\study\Code\LeetCode\LeetCode\16.最接近的三数之和.cpp(21,21): warning C4018:  “<”: 有符号/无符号不匹配
D:\study\Code\LeetCode\LeetCode\18.四数之和.cpp(21,21): warning C4018:  “<”: 有符号/无符号不匹配
D:\study\Code\LeetCode\LeetCode\18.四数之和.cpp(25,26): warning C4018:  “<”: 有符号/无符号不匹配
D:\study\Code\LeetCode\LeetCode\18.四数之和.cpp(59,34): warning C4018:  “<”: 有符号/无符号不匹配
  19.删除链表的倒数第n个节点.cpp
  198.打家劫舍.cpp
  正在编译...
  正在生成代码...
  正在编译...
  20.有效的括号.cpp
D:\study\Code\LeetCode\LeetCode\18.四数之和.cpp(63,33): warning C4018:  “<”: 有符号/无符号不匹配
  213. 打家劫舍 II.cpp
  221.最大正方形.cpp
  225.用队列实现栈.cpp
  232. 用栈实现队列.cpp
  26. 删除排序数组中的重复项.cpp
D:\study\Code\LeetCode\LeetCode\20.有效的括号.cpp(17,21): warning C4018:  “<”: 有符号/无符号不匹配
  264.丑数II.cpp
  27. 移除元素.cpp
  279.完全平方数.cpp
D:\study\Code\LeetCode\LeetCode\26. 删除排序数组中的重复项.cpp(33,20): warning C4018:  “<”: 有符号/无符号不匹配
  28. 实现 strStr().cpp
  300. 最长上升子序列.cpp
  303. 区域和检索 - 数组不可变.cpp
  304. 二维区域和检索 - 矩阵不可变.cpp
  309. 最佳买卖股票时机含冷冻期.cpp
  331. 验证二叉树的前序序列化.cpp
  38.报数.cpp
  394. 字符串解码.cpp
  402. 移掉K位数字.cpp
  456.132模式.cpp
  503. 下一个更大元素 II.cpp
  正在编译...
  正在生成代码...
  正在编译...
  53.最大子序和.cpp
D:\study\Code\LeetCode\LeetCode\279.完全平方数.cpp(1,1): warning C4819:  该文件包含不能在当前代码页(936)中表示的字符。请将该文件保存为 Unicode 格式以防止数据丢失
  62.不同路径.cpp
  63.不同路径II.cpp
  64.最小路径和.cpp
  682. 棒球比赛.cpp
  70.爬楼梯.cpp
  71. 简化路径.cpp
  735. 行星碰撞.cpp
  739. 每日温度.cpp
  880. 索引处的解码字符串.cpp
  907. 子数组的最小值之和.cpp
  91.解码方法.cpp
  94. 二叉树的中序遍历(stack).cpp
  946. 验证栈序列.cpp
  96.不同的二叉搜索树.cpp
  962.最大宽度坡.cpp
  Longest Palindromic Substring.cpp
D:\study\Code\LeetCode\LeetCode\53.最大子序和.cpp(1,1): warning C4819:  该文件包含不能在当前代码页(936)中表示的字符。请将该文件保存为 Unicode 格式以防止数据丢失
  main.cpp
  Palindrome Number.cpp
  String to Integer (atoi).cpp
D:\study\Code\LeetCode\LeetCode\Longest Palindromic Substring.cpp(185,21): warning C4018:  “<”: 有符号/无符号不匹配
  正在编译...
  正在生成代码...
  正在编译...
  合并两个有序数组.cpp
  合并两个有序链表.cpp
  正在编译...
  正在生成代码...
D:\study\Code\LeetCode\LeetCode\String to Integer (atoi).cpp(18,21): warning C4018:  “<”: 有符号/无符号不匹配
